<?xml version="1.0" encoding="UTF-8"?>
<!-- Generated by org.testng.reporters.JUnitXMLReporter -->
<testsuite hostname="L-156058504" ignored="0" name="Test" tests="1" failures="0" timestamp="18 Jan 2017 01:09:39 GMT" time="0.059" errors="0">
  <testcase name="@BeforeTest beforeTest" time="0.0" classname="com.test.ValidateLogin">
    <failure type="java.lang.NoClassDefFoundError" message="com/google/common/base/Function">
      <![CDATA[java.lang.NoClassDefFoundError: com/google/common/base/Function
	at com.test.ValidateLogin.beforeTest(ValidateLogin.java:26)
Caused by: java.lang.ClassNotFoundException: com.google.common.base.Function
	at java.net.URLClassLoader.findClass(URLClassLoader.java:381)
	at java.lang.ClassLoader.loadClass(ClassLoader.java:424)
	at sun.misc.Launcher$AppClassLoader.loadClass(Launcher.java:331)
	at java.lang.ClassLoader.loadClass(ClassLoader.java:357)
	... 24 more
... Removed 23 stack frames]]>
    </failure>
  </testcase> <!-- @BeforeTest beforeTest -->
  <testcase name="@AfterTest afterTest" time="0.0" classname="com.test.ValidateLogin">
    <skipped/>
  </testcase> <!-- @AfterTest afterTest -->
  <testcase name="testLogin" time="0.003" classname="com.test.ValidateLogin">
    <skipped/>
  </testcase> <!-- testLogin -->
</testsuite> <!-- Test -->
